# JRE version: Java(TM) SE Runtime Environment (8.0_211-b12) (build 1.8.0_211-b12)
# Java VM: Java HotSpot(TM) 64-Bit Server VM (25.211-b12 mixed mode windows-amd64 compressed oops)
Heap:
 PSYoungGen      total 76288K, used 12647K [0x000000076b300000, 0x0000000770800000, 0x00000007c0000000)
  eden space 65536K, 2% used [0x000000076b300000,0x000000076b4e14e0,0x000000076f300000)
  from space 10752K, 99% used [0x000000076fd80000,0x00000007707f89f0,0x0000000770800000)
  to   space 10752K, 0% used [0x000000076f300000,0x000000076f300000,0x000000076fd80000)
 ParOldGen       total 175104K, used 50322K [0x00000006c1800000, 0x00000006cc300000, 0x000000076b300000)
  object space 175104K, 28% used [0x00000006c1800000,0x00000006c4924b50,0x00000006cc300000)
 Metaspace       used 14370K, capacity 14649K, committed 14848K, reserved 1062912K
  class space    used 1162K, capacity 1267K, committed 1280K, reserved 1048576K
GC Heap History (4 events):
Event: 3.943 GC heap before
{Heap before GC invocations=1 (full 0):
 PSYoungGen      total 76288K, used 65536K [0x000000076b300000, 0x0000000770800000, 0x00000007c0000000)
  eden space 65536K, 100% used [0x000000076b300000,0x000000076f300000,0x000000076f300000)
  from space 10752K, 0% used [0x000000076fd80000,0x000000076fd80000,0x0000000770800000)
  to   space 10752K, 0% used [0x000000076f300000,0x000000076f300000,0x000000076fd80000)
 ParOldGen       total 175104K, used 0K [0x00000006c1800000, 0x00000006cc300000, 0x000000076b300000)
  object space 175104K, 0% used [0x00000006c1800000,0x00000006c1800000,0x00000006cc300000)
 Metaspace       used 14107K, capacity 14409K, committed 14592K, reserved 1062912K
  class space    used 1136K, capacity 1229K, committed 1280K, reserved 1048576K
Event: 3.954 GC heap after
Heap after GC invocations=1 (full 0):
 PSYoungGen      total 76288K, used 10720K [0x000000076b300000, 0x0000000770800000, 0x00000007c0000000)
  eden space 65536K, 0% used [0x000000076b300000,0x000000076b300000,0x000000076f300000)
  from space 10752K, 99% used [0x000000076f300000,0x000000076fd78320,0x000000076fd80000)
  to   space 10752K, 0% used [0x000000076fd80000,0x000000076fd80000,0x0000000770800000)
 ParOldGen       total 175104K, used 18430K [0x00000006c1800000, 0x00000006cc300000, 0x000000076b300000)
  object space 175104K, 10% used [0x00000006c1800000,0x00000006c29ffaf0,0x00000006cc300000)
 Metaspace       used 14107K, capacity 14409K, committed 14592K, reserved 1062912K
  class space    used 1136K, capacity 1229K, committed 1280K, reserved 1048576K
}
Event: 14.794 GC heap before
{Heap before GC invocations=2 (full 0):
 PSYoungGen      total 76288K, used 76256K [0x000000076b300000, 0x0000000770800000, 0x00000007c0000000)
  eden space 65536K, 100% used [0x000000076b300000,0x000000076f300000,0x000000076f300000)
  from space 10752K, 99% used [0x000000076f300000,0x000000076fd78320,0x000000076fd80000)
  to   space 10752K, 0% used [0x000000076fd80000,0x000000076fd80000,0x0000000770800000)
 ParOldGen       total 175104K, used 18430K [0x00000006c1800000, 0x00000006cc300000, 0x000000076b300000)
  object space 175104K, 10% used [0x00000006c1800000,0x00000006c29ffaf0,0x00000006cc300000)
 Metaspace       used 14354K, capacity 14649K, committed 14848K, reserved 1062912K
  class space    used 1158K, capacity 1267K, committed 1280K, reserved 1048576K
Event: 14.830 GC heap after
Heap after GC invocations=2 (full 0):
 PSYoungGen      total 76288K, used 10722K [0x000000076b300000, 0x0000000770800000, 0x00000007c0000000)
  eden space 65536K, 0% used [0x000000076b300000,0x000000076b300000,0x000000076f300000)
  from space 10752K, 99% used [0x000000076fd80000,0x00000007707f89f0,0x0000000770800000)
  to   space 10752K, 0% used [0x000000076f300000,0x000000076f300000,0x000000076fd80000)
 ParOldGen       total 175104K, used 50322K [0x00000006c1800000, 0x00000006cc300000, 0x000000076b300000)
  object space 175104K, 28% used [0x00000006c1800000,0x00000006c4924b50,0x00000006cc300000)
 Metaspace       used 14354K, capacity 14649K, committed 14848K, reserved 1062912K
  class space    used 1158K, capacity 1267K, committed 1280K, reserved 1048576K
}

