# JRE version: Java(TM) SE Runtime Environment (8.0_211-b12) (build 1.8.0_211-b12)
# Java VM: Java HotSpot(TM) 64-Bit Server VM (25.211-b12 mixed mode windows-amd64 compressed oops)
Heap:
 PSYoungGen      total 76288K, used 14555K [0x000000076b300000, 0x0000000770800000, 0x00000007c0000000)
  eden space 65536K, 5% used [0x000000076b300000,0x000000076b6be9e8,0x000000076f300000)
  from space 10752K, 99% used [0x000000076fd80000,0x00000007707f82f0,0x0000000770800000)
  to   space 10752K, 0% used [0x000000076f300000,0x000000076f300000,0x000000076fd80000)
 ParOldGen       total 175104K, used 71296K [0x00000006c1800000, 0x00000006cc300000, 0x000000076b300000)
  object space 175104K, 40% used [0x00000006c1800000,0x00000006c5da0220,0x00000006cc300000)
 Metaspace       used 14238K, capacity 14521K, committed 14848K, reserved 1062912K
  class space    used 1158K, capacity 1267K, committed 1280K, reserved 1048576K
GC Heap History (4 events):
Event: 4.972 GC heap before
{Heap before GC invocations=1 (full 0):
 PSYoungGen      total 76288K, used 65536K [0x000000076b300000, 0x0000000770800000, 0x00000007c0000000)
  eden space 65536K, 100% used [0x000000076b300000,0x000000076f300000,0x000000076f300000)
  from space 10752K, 0% used [0x000000076fd80000,0x000000076fd80000,0x0000000770800000)
  to   space 10752K, 0% used [0x000000076f300000,0x000000076f300000,0x000000076fd80000)
 ParOldGen       total 175104K, used 0K [0x00000006c1800000, 0x00000006cc300000, 0x000000076b300000)
  object space 175104K, 0% used [0x00000006c1800000,0x00000006c1800000,0x00000006cc300000)
 Metaspace       used 13994K, capacity 14277K, committed 14592K, reserved 1062912K
  class space    used 1134K, capacity 1229K, committed 1280K, reserved 1048576K
Event: 4.988 GC heap after
Heap after GC invocations=1 (full 0):
 PSYoungGen      total 76288K, used 10736K [0x000000076b300000, 0x0000000770800000, 0x00000007c0000000)
  eden space 65536K, 0% used [0x000000076b300000,0x000000076b300000,0x000000076f300000)
  from space 10752K, 99% used [0x000000076f300000,0x000000076fd7c300,0x000000076fd80000)
  to   space 10752K, 0% used [0x000000076fd80000,0x000000076fd80000,0x0000000770800000)
 ParOldGen       total 175104K, used 20712K [0x00000006c1800000, 0x00000006cc300000, 0x000000076b300000)
  object space 175104K, 11% used [0x00000006c1800000,0x00000006c2c3a220,0x00000006cc300000)
 Metaspace       used 13994K, capacity 14277K, committed 14592K, reserved 1062912K
  class space    used 1134K, capacity 1229K, committed 1280K, reserved 1048576K
}
Event: 20.973 GC heap before
{Heap before GC invocations=2 (full 0):
 PSYoungGen      total 76288K, used 76272K [0x000000076b300000, 0x0000000770800000, 0x00000007c0000000)
  eden space 65536K, 100% used [0x000000076b300000,0x000000076f300000,0x000000076f300000)
  from space 10752K, 99% used [0x000000076f300000,0x000000076fd7c300,0x000000076fd80000)
  to   space 10752K, 0% used [0x000000076fd80000,0x000000076fd80000,0x0000000770800000)
 ParOldGen       total 175104K, used 20712K [0x00000006c1800000, 0x00000006cc300000, 0x000000076b300000)
  object space 175104K, 11% used [0x00000006c1800000,0x00000006c2c3a220,0x00000006cc300000)
 Metaspace       used 14223K, capacity 14521K, committed 14848K, reserved 1062912K
  class space    used 1158K, capacity 1267K, committed 1280K, reserved 1048576K
Event: 21.035 GC heap after
Heap after GC invocations=2 (full 0):
 PSYoungGen      total 76288K, used 10720K [0x000000076b300000, 0x0000000770800000, 0x00000007c0000000)
  eden space 65536K, 0% used [0x000000076b300000,0x000000076b300000,0x000000076f300000)
  from space 10752K, 99% used [0x000000076fd80000,0x00000007707f82f0,0x0000000770800000)
  to   space 10752K, 0% used [0x000000076f300000,0x000000076f300000,0x000000076fd80000)
 ParOldGen       total 175104K, used 71296K [0x00000006c1800000, 0x00000006cc300000, 0x000000076b300000)
  object space 175104K, 40% used [0x00000006c1800000,0x00000006c5da0220,0x00000006cc300000)
 Metaspace       used 14223K, capacity 14521K, committed 14848K, reserved 1062912K
  class space    used 1158K, capacity 1267K, committed 1280K, reserved 1048576K
}

